<?xml version="1.0" encoding="UTF-8"?>
<testsuite xmlns:xsi="http://www.w3.org/2001/XMLSchema-instance" xsi:noNamespaceSchemaLocation="https://maven.apache.org/surefire/maven-surefire-plugin/xsd/surefire-test-report.xsd" name="TestSuite" time="0.474" tests="3" errors="0" skipped="2" failures="1">
  <properties>
[...]
</properties>
  <testcase name="ConfigureAppium" classname="Zabiulla.Udemyappium.MobileBrowserTest" time="0.396">
    <failure message="org.openqa.selenium.remote.service.DriverService$Builder.loadSystemProperties()V" type="java.lang.AbstractMethodError">java.lang.AbstractMethodError: org.openqa.selenium.remote.service.DriverService$Builder.loadSystemProperties()V
</failure>
  </testcase>
  <testcase name="browserTest" classname="Zabiulla.Udemyappium.MobileBrowserTest" time="0">
    <skipped message="org.openqa.selenium.remote.service.DriverService$Builder.loadSystemProperties()V"/>
  </testcase>
  <testcase name="tearDown" classname="Zabiulla.Udemyappium.MobileBrowserTest" time="0">
    <skipped/>
  </testcase>
</testsuite>