<?xml version="1.0" encoding="UTF-8"?>
<!-- Generated by org.testng.reporters.JUnitXMLReporter -->
<testsuite hostname="LAPTOP-97P4TG70" ignored="0" name="Surefire test" tests="1" failures="0" timestamp="11 May 2023 07:05:55 GMT" time="0.083" errors="0">
  <testcase name="@BeforeClass ConfigureAppium" time="0.066" classname="Zabiulla.Udemyappium.BrowserBaseTest">
    <failure type="java.lang.AbstractMethodError" message="org.openqa.selenium.remote.service.DriverService$Builder.loadSystemProperties()V">
      <![CDATA[java.lang.AbstractMethodError: org.openqa.selenium.remote.service.DriverService$Builder.loadSystemProperties()V
at org.openqa.selenium.remote.service.DriverService$Builder.build(DriverService.java:496)
at Zabiulla.Udemyappium.BrowserBaseTest.ConfigureAppium(BrowserBaseTest.java:30)
... Removed 31 stack frames]]>
    </failure>
  </testcase> <!-- @BeforeClass ConfigureAppium -->
  <testcase name="@AfterClass tearDown" time="0.0" classname="Zabiulla.Udemyappium.BrowserBaseTest">
    <skipped/>
  </testcase> <!-- @AfterClass tearDown -->
  <testcase name="browserTest" time="0.0" classname="Zabiulla.Udemyappium.MobileBrowserTest">
    <skipped/>
  </testcase> <!-- browserTest -->
</testsuite> <!-- Surefire test -->
